<?xml version="1.0" encoding="UTF-8"?>
<!-- Generated by org.testng.reporters.JUnitXMLReporter -->
<testsuite hostname="Thus-Air" name="Default test" tests="3" failures="0" timestamp="6 Jan 2019 14:01:18 GMT" time="9.749" errors="0">
  <testcase name="TC_01_CheckUrl" time="0.029" classname="Selenium.Topic_01_Setup_Envairoment"/>
  <testcase name="TC_02_CheckTitle" time="0.012" classname="Selenium.Topic_01_Setup_Envairoment"/>
  <testcase name="TC_03_HomPageLogoDisplayed" time="0.111" classname="Selenium.Topic_01_Setup_Envairoment"/>
</testsuite> <!-- Default test -->
